2025-03-05 21:53:09,255 - INFO - Loading spaCy model: sv_core_news_lg
2025-03-05 21:53:09,977 - INFO - NLP model loaded successfully
2025-03-05 21:53:09,990 - INFO - Lade till anpassade entitetsigenkänningskomponenter
2025-03-05 21:53:09,992 - INFO - Initialized pattern matchers
2025-03-05 21:53:10,002 - INFO - Found 22 product files to process
2025-03-05 21:53:10,003 - INFO - Processing 22 files with 20 workers
2025-03-05 21:53:15,608 - INFO - Integrated data saved to integrated_data
2025-03-05 21:53:15,608 - INFO - Reports generated in extracted_data\reports
2025-03-05 21:53:15,608 - INFO - Processed 22 files in 6.3 seconds
2025-03-05 21:53:15,608 - INFO - Extracted 22 products
2025-03-05 21:53:15,608 - INFO - Products with identifiers: 8
2025-03-05 21:53:15,608 - INFO - Products with specifications: 22
2025-03-05 21:53:15,608 - INFO - Products with compatibility: 20
2025-03-05 21:53:15,626 - INFO - Bot responses generated in integrated_data\bot_responses
2025-03-05 22:12:42,006 - INFO - Loading spaCy model: sv_core_news_lg
2025-03-05 22:12:42,445 - INFO - NLP model loaded successfully
2025-03-05 22:12:42,445 - INFO - Lade till anpassade entitetsigenkänningskomponenter
2025-03-05 22:12:42,462 - INFO - Initialized pattern matchers
2025-03-05 22:12:42,473 - INFO - Found 22 product files to process
2025-03-05 22:12:42,473 - INFO - Processing 22 files with 20 workers
2025-03-05 22:12:48,039 - INFO - Integrated data saved to nlp_bot_engine\data\integrated_data
2025-03-05 22:12:48,039 - INFO - Reports generated in nlp_bot_engine\data\extracted_data\reports
2025-03-05 22:12:48,039 - INFO - Processed 22 files in 6.0 seconds
2025-03-05 22:12:48,039 - INFO - Extracted 22 products
2025-03-05 22:12:48,039 - INFO - Products with identifiers: 8
2025-03-05 22:12:48,039 - INFO - Products with specifications: 22
2025-03-05 22:12:48,039 - INFO - Products with compatibility: 20
2025-03-05 22:12:48,055 - INFO - Bot responses generated in nlp_bot_engine\data\integrated_data\bot_responses
2025-03-05 23:53:39,335 - INFO - Loading spaCy model: sv_core_news_lg
2025-03-05 23:53:39,764 - INFO - NLP model loaded successfully
2025-03-05 23:53:39,769 - INFO - Lade till anpassade entitetsigenkänningskomponenter
2025-03-05 23:53:39,770 - INFO - Initialized pattern matchers
2025-03-05 23:53:39,781 - INFO - Found 12 product files to process
2025-03-05 23:53:39,782 - INFO - Processing 12 files with 20 workers
2025-03-05 23:53:41,375 - INFO - Integrated data saved to nlp_bot_engine\data\integrated_data
2025-03-05 23:53:41,376 - INFO - Reports generated in nlp_bot_engine\data\extracted_data\reports
2025-03-05 23:53:41,376 - INFO - Processed 12 files in 2.0 seconds
2025-03-05 23:53:41,377 - INFO - Extracted 12 products
2025-03-05 23:53:41,377 - INFO - Products with identifiers: 8
2025-03-05 23:53:41,377 - INFO - Products with specifications: 12
2025-03-05 23:53:41,377 - INFO - Products with compatibility: 12
2025-03-05 23:53:41,385 - INFO - Bot responses generated in nlp_bot_engine\data\integrated_data\bot_responses
